#-----------------------------------------------------------
# Vivado v2016.3 (64-bit)
# SW Build 1682563 on Mon Oct 10 19:07:27 MDT 2016
# IP Build 1681267 on Mon Oct 10 21:28:31 MDT 2016
# Start of session at: Mon Mar 06 10:46:40 2017
# Process ID: 9112
# Current directory: C:/Users/cedri/Desktop/Projet_Num/PR214/VHDL/CORDIC
# Command line: vivado.exe -gui_launcher_event rodinguilauncherevent9032 C:\Users\cedri\Desktop\Projet_Num\PR214\VHDL\CORDIC\CORDIC.xpr
# Log file: C:/Users/cedri/Desktop/Projet_Num/PR214/VHDL/CORDIC/vivado.log
# Journal file: C:/Users/cedri/Desktop/Projet_Num/PR214/VHDL/CORDIC\vivado.jou
#-----------------------------------------------------------
start_gui
open_project C:/Users/cedri/Desktop/Projet_Num/PR214/VHDL/CORDIC/CORDIC.xpr
INFO: [Project 1-313] Project file moved from 'C:/Users/cedri/Desktop/Projet_Num/PR214/Matlab_Simulink/CORDIC' since last save.
Scanning sources...
Finished scanning sources
WARNING: [filemgmt 56-2] IP Output Repository Path: Could not find the directory 'C:/Users/cedri/Desktop/Projet_Num/PR214/VHDL/CORDIC/CORDIC.cache/ip', nor could it be found using path 'C:/Users/cedri/Desktop/Projet_Num/PR214/Matlab_Simulink/CORDIC/CORDIC.cache/ip'.
INFO: [IP_Flow 19-234] Refreshing IP repositories
INFO: [IP_Flow 19-1704] No user IP repositories specified
INFO: [IP_Flow 19-2313] Loaded Vivado IP repository 'C:/Xilinx/Vivado/2016.3/data/ip'.
open_project: Time (s): cpu = 00:00:10 ; elapsed = 00:00:05 . Memory (MB): peak = 857.180 ; gain = 197.691
